[INFO] [2017-07-23 23:34:31][org.springframework.context.support.ClassPathXmlApplicationContext]Refreshing org.springframework.context.support.ClassPathXmlApplicationContext@379619aa: startup date [Sun Jul 23 23:34:31 CST 2017]; root of context hierarchy
[INFO] [2017-07-23 23:34:31][org.springframework.beans.factory.xml.XmlBeanDefinitionReader]Loading XML bean definitions from class path resource [config/spring/spring-servlet.xml]
[WARN] [2017-07-23 23:34:32][org.springframework.context.support.ClassPathXmlApplicationContext]Exception encountered during context initialization - cancelling refresh attempt: org.springframework.beans.factory.BeanCreationException: Error creating bean with name 'internalResourceViewResolver': Failed to introspect bean class [org.springframework.web.servlet.view.InternalResourceViewResolver] for lookup method metadata: could not find class that it depends on; nested exception is java.lang.NoClassDefFoundError: javax/servlet/ServletContext
[INFO] [2017-07-23 23:35:59][org.springframework.context.support.ClassPathXmlApplicationContext]Refreshing org.springframework.context.support.ClassPathXmlApplicationContext@370736d9: startup date [Sun Jul 23 23:35:59 CST 2017]; root of context hierarchy
[INFO] [2017-07-23 23:35:59][org.springframework.beans.factory.xml.XmlBeanDefinitionReader]Loading XML bean definitions from class path resource [config/spring/spring-servlet.xml]
[INFO] [2017-07-23 23:37:57][org.springframework.context.support.FileSystemXmlApplicationContext]Refreshing org.springframework.context.support.FileSystemXmlApplicationContext@379619aa: startup date [Sun Jul 23 23:37:57 CST 2017]; root of context hierarchy
[INFO] [2017-07-23 23:37:57][org.springframework.beans.factory.xml.XmlBeanDefinitionReader]Loading XML bean definitions from file [E:\Javaee\studyssm\config\spring\spring-servlet.xml]
[INFO] [2017-07-23 23:38:23][org.springframework.context.support.FileSystemXmlApplicationContext]Refreshing org.springframework.context.support.FileSystemXmlApplicationContext@370736d9: startup date [Sun Jul 23 23:38:23 CST 2017]; root of context hierarchy
[INFO] [2017-07-23 23:38:24][org.springframework.beans.factory.xml.XmlBeanDefinitionReader]Loading XML bean definitions from class path resource [config/spring/spring-servlet.xml]
[INFO] [2017-07-23 23:38:32][org.springframework.context.support.FileSystemXmlApplicationContext]Refreshing org.springframework.context.support.FileSystemXmlApplicationContext@379619aa: startup date [Sun Jul 23 23:38:32 CST 2017]; root of context hierarchy
[INFO] [2017-07-23 23:38:32][org.springframework.beans.factory.xml.XmlBeanDefinitionReader]Loading XML bean definitions from class path resource [config/spring/spring-servlet.xml]
[INFO] [2017-07-23 23:39:06][org.springframework.context.support.ClassPathXmlApplicationContext]Refreshing org.springframework.context.support.ClassPathXmlApplicationContext@379619aa: startup date [Sun Jul 23 23:39:06 CST 2017]; root of context hierarchy
[INFO] [2017-07-23 23:39:06][org.springframework.beans.factory.xml.XmlBeanDefinitionReader]Loading XML bean definitions from class path resource [config/spring/spring-servlet.xml]
[INFO] [2017-07-23 23:39:06][org.springframework.context.support.FileSystemXmlApplicationContext]Refreshing org.springframework.context.support.FileSystemXmlApplicationContext@6ebc05a6: startup date [Sun Jul 23 23:39:06 CST 2017]; root of context hierarchy
[INFO] [2017-07-23 23:39:06][org.springframework.beans.factory.xml.XmlBeanDefinitionReader]Loading XML bean definitions from class path resource [config/spring/spring-servlet.xml]
[INFO] [2017-07-24 22:41:31][org.springframework.context.support.FileSystemXmlApplicationContext]Refreshing org.springframework.context.support.FileSystemXmlApplicationContext@379619aa: startup date [Mon Jul 24 22:41:31 CST 2017]; root of context hierarchy
[INFO] [2017-07-24 22:41:32][org.springframework.beans.factory.xml.XmlBeanDefinitionReader]Loading XML bean definitions from class path resource [config/spring/spring-servlet.xml]
[WARN] [2017-07-24 22:41:32][org.springframework.context.support.FileSystemXmlApplicationContext]Exception encountered during context initialization - cancelling refresh attempt: org.springframework.beans.factory.BeanCreationException: Error creating bean with name 'userMeta' defined in class path resource [config/spring/spring-servlet.xml]: Initialization of bean failed; nested exception is org.springframework.beans.ConversionNotSupportedException: Failed to convert property value of type 'java.lang.Object[]' to required type 'java.util.ArrayList' for property 'arrayList'; nested exception is java.lang.IllegalStateException: Cannot convert value of type 'java.lang.Object[]' to required type 'java.util.ArrayList' for property 'arrayList': no matching editors or conversion strategy found
[INFO] [2017-07-24 22:45:09][org.springframework.context.support.FileSystemXmlApplicationContext]Refreshing org.springframework.context.support.FileSystemXmlApplicationContext@379619aa: startup date [Mon Jul 24 22:45:09 CST 2017]; root of context hierarchy
[INFO] [2017-07-24 22:45:09][org.springframework.beans.factory.xml.XmlBeanDefinitionReader]Loading XML bean definitions from class path resource [config/spring/spring-servlet.xml]
[INFO] [2017-07-24 22:46:51][org.springframework.context.support.FileSystemXmlApplicationContext]Refreshing org.springframework.context.support.FileSystemXmlApplicationContext@379619aa: startup date [Mon Jul 24 22:46:51 CST 2017]; root of context hierarchy
[INFO] [2017-07-24 22:46:51][org.springframework.beans.factory.xml.XmlBeanDefinitionReader]Loading XML bean definitions from class path resource [config/spring/spring-servlet.xml]
[INFO] [2017-07-24 23:02:41][org.springframework.context.support.FileSystemXmlApplicationContext]Refreshing org.springframework.context.support.FileSystemXmlApplicationContext@379619aa: startup date [Mon Jul 24 23:02:41 CST 2017]; root of context hierarchy
[INFO] [2017-07-24 23:02:41][org.springframework.beans.factory.xml.XmlBeanDefinitionReader]Loading XML bean definitions from class path resource [config/spring/spring-servlet.xml]
[INFO] [2017-07-24 23:08:46][org.springframework.context.support.FileSystemXmlApplicationContext]Refreshing org.springframework.context.support.FileSystemXmlApplicationContext@379619aa: startup date [Mon Jul 24 23:08:46 CST 2017]; root of context hierarchy
[INFO] [2017-07-24 23:08:46][org.springframework.beans.factory.xml.XmlBeanDefinitionReader]Loading XML bean definitions from class path resource [config/spring/spring-servlet.xml]
[INFO] [2017-07-24 23:26:14][org.springframework.context.support.FileSystemXmlApplicationContext]Refreshing org.springframework.context.support.FileSystemXmlApplicationContext@379619aa: startup date [Mon Jul 24 23:26:14 CST 2017]; root of context hierarchy
[INFO] [2017-07-24 23:26:14][org.springframework.beans.factory.xml.XmlBeanDefinitionReader]Loading XML bean definitions from class path resource [config/spring/spring-servlet.xml]
[INFO] [2017-07-24 23:28:22][org.springframework.context.support.FileSystemXmlApplicationContext]Refreshing org.springframework.context.support.FileSystemXmlApplicationContext@379619aa: startup date [Mon Jul 24 23:28:22 CST 2017]; root of context hierarchy
[INFO] [2017-07-24 23:28:23][org.springframework.beans.factory.xml.XmlBeanDefinitionReader]Loading XML bean definitions from class path resource [config/spring/spring-servlet.xml]
